2021-10-19 15:05:40 INFO  properties files loaded in TestBase Constructor
2021-10-19 15:06:12 INFO  Android Driver connected
2021-10-19 15:06:12 INFO  User Opens Application in 
2021-10-19 15:06:17 INFO  user in Home screen
2021-10-19 15:06:17 INFO  Test Case :Home Page , Register button validation
2021-10-19 15:06:18 INFO  clicks Register Button
2021-10-19 15:06:23 INFO  user will landed on Legal Entity User Details
2021-10-19 15:06:23 INFO  Test Case :Home Page , Register button validation
2021-10-19 15:06:23 INFO  properties files loaded in TestBase Constructor
2021-10-19 15:06:23 INFO  terminate app
2021-10-19 15:06:27 INFO  Restarting new App
2021-10-19 15:06:27 INFO  User Opens Application in 
2021-10-19 15:06:31 INFO  user in Home screen
2021-10-19 15:06:31 INFO  Test Case :Home screen , English button validation
2021-10-19 15:06:36 INFO  app language change to English
2021-10-19 15:06:36 INFO  Test Case :Home screen , English button validation
2021-10-19 15:06:36 INFO  properties files loaded in TestBase Constructor
2021-10-19 15:06:36 INFO  terminate app
2021-10-19 15:06:39 INFO  Restarting new App
2021-10-19 15:06:39 INFO  User Opens Application in 
2021-10-19 15:06:44 INFO  user in Home screen
2021-10-19 15:06:44 INFO  Test Case :Home screen , Arabic button validation
2021-10-19 15:06:48 INFO  app language change to Arabic
2021-10-19 15:06:48 INFO  Test Case :Home screen , Arabic button validation
2021-10-19 15:06:49 INFO  properties files loaded in TestBase Constructor
2021-10-19 15:06:49 INFO  terminate app
2021-10-19 15:06:52 INFO  Restarting new App
2021-10-19 15:06:52 INFO  User Opens Application in 
2021-10-19 15:06:57 INFO  user in Home screen
2021-10-19 15:06:57 INFO  Test Case :EntityDetailsPage-username valid input
2021-10-19 15:06:57 INFO  clicks Register Button
2021-10-19 15:07:03 INFO  user will landed on Legal Entity User Details
2021-10-19 15:07:03 INFO  Test Case :EntityDetailsPage-username valid input
2021-10-19 15:07:04 INFO  properties files loaded in TestBase Constructor
2021-10-19 15:07:04 INFO  properties files loaded in TestBase Constructor
2021-10-19 15:07:06 INFO  user will landed on the New User screen
2021-10-19 15:07:12 INFO  clicks on some other field
2021-10-19 15:07:16 INFO  user clicks on Confirm button
2021-10-19 15:07:21 INFO  proper error message should display under User Name field
2021-10-19 15:07:22 INFO  properties files loaded in TestBase Constructor
2021-10-19 15:07:22 INFO  terminate app
2021-10-19 15:07:25 INFO  Restarting new App
2021-10-19 15:07:25 INFO  User Opens Application in 
2021-10-19 15:07:30 INFO  user in Home screen
2021-10-19 15:07:30 INFO  Test Case :EntityDetailsPage-username invalid input 150 character
2021-10-19 15:07:31 INFO  clicks Register Button
2021-10-19 15:07:36 INFO  user will landed on Legal Entity User Details
2021-10-19 15:07:36 INFO  Test Case :EntityDetailsPage-username invalid input 150 character
2021-10-19 15:07:37 INFO  properties files loaded in TestBase Constructor
2021-10-19 15:07:37 INFO  properties files loaded in TestBase Constructor
2021-10-19 15:07:39 INFO  user will landed on the New User screen
2021-10-19 15:07:45 INFO  clicks on some other field
2021-10-19 15:07:49 INFO  user clicks on Confirm button
2021-10-19 15:07:54 INFO  proper error message should display under User Name field
2021-10-19 15:07:54 INFO  properties files loaded in TestBase Constructor
2021-10-19 15:07:54 INFO  terminate app
2021-10-19 15:07:57 INFO  Restarting new App
2021-10-19 15:07:57 INFO  User Opens Application in 
2021-10-19 15:08:02 INFO  user in Home screen
2021-10-19 15:08:02 INFO  Test Case :EntityDetailsPage-username invalid input with special character
2021-10-19 15:08:03 INFO  clicks Register Button
2021-10-19 15:08:08 INFO  user will landed on Legal Entity User Details
2021-10-19 15:08:08 INFO  Test Case :EntityDetailsPage-username invalid input with special character
2021-10-19 15:08:09 INFO  properties files loaded in TestBase Constructor
2021-10-19 15:08:09 INFO  properties files loaded in TestBase Constructor
2021-10-19 15:08:11 INFO  user will landed on the New User screen
2021-10-19 15:08:18 INFO  clicks on some other field
2021-10-19 15:08:22 INFO  user clicks on Confirm button
2021-10-19 15:08:26 INFO  proper error message should display under User Name field
2021-10-19 15:08:27 INFO  properties files loaded in TestBase Constructor
2021-10-19 15:08:27 INFO  terminate app
2021-10-19 15:08:30 INFO  Restarting new App
2021-10-19 15:08:30 INFO  User Opens Application in 
2021-10-19 15:08:35 INFO  user in Home screen
2021-10-19 15:08:35 INFO  Test Case :EntityDetailsPage-username invalid input empty fields
2021-10-19 15:08:36 INFO  clicks Register Button
2021-10-19 15:08:41 INFO  user will landed on Legal Entity User Details
2021-10-19 15:08:41 INFO  Test Case :EntityDetailsPage-username invalid input empty fields
2021-10-19 15:08:42 INFO  properties files loaded in TestBase Constructor
2021-10-19 15:08:42 INFO  properties files loaded in TestBase Constructor
2021-10-19 15:08:44 INFO  user will landed on the New User screen
2021-10-19 15:08:50 INFO  clicks on some other field
2021-10-19 15:08:54 INFO  user clicks on Confirm button
2021-10-19 15:08:58 INFO  proper error message should display under User Name field
2021-10-19 15:08:59 INFO  properties files loaded in TestBase Constructor
2021-10-19 15:08:59 INFO  terminate app
2021-10-19 15:09:02 INFO  Restarting new App
2021-10-19 15:09:02 INFO  User Opens Application in 
2021-10-19 15:09:07 INFO  user in Home screen
2021-10-19 15:09:07 INFO  Test Case :EntityDetailsPage-emaild valid input
2021-10-19 15:09:08 INFO  clicks Register Button
2021-10-19 15:09:14 INFO  user will landed on Legal Entity User Details
2021-10-19 15:09:14 INFO  Test Case :EntityDetailsPage-emaild valid input
2021-10-19 15:09:14 INFO  properties files loaded in TestBase Constructor
2021-10-19 15:09:14 INFO  properties files loaded in TestBase Constructor
2021-10-19 15:09:16 INFO  user will landed on the New User screen
2021-10-19 15:09:26 INFO  user clicks on Confirm button
2021-10-19 15:09:31 INFO  proper error message should display under User Name field
2021-10-19 15:09:32 INFO  properties files loaded in TestBase Constructor
2021-10-19 15:09:32 INFO  terminate app
2021-10-19 15:09:35 INFO  Restarting new App
2021-10-19 15:09:35 INFO  User Opens Application in 
2021-10-19 15:09:39 INFO  user in Home screen
2021-10-19 15:09:40 INFO  Test Case :EntityDetailsPage-email invalid input 150 character
2021-10-19 15:09:40 INFO  clicks Register Button
2021-10-19 15:09:46 INFO  user will landed on Legal Entity User Details
2021-10-19 15:09:46 INFO  Test Case :EntityDetailsPage-email invalid input 150 character
2021-10-19 15:09:46 INFO  properties files loaded in TestBase Constructor
2021-10-19 15:09:46 INFO  properties files loaded in TestBase Constructor
2021-10-19 15:09:48 INFO  user will landed on the New User screen
2021-10-19 15:09:58 INFO  user clicks on Confirm button
2021-10-19 15:10:03 INFO  proper error message should display under User Name field
2021-10-19 15:10:03 INFO  properties files loaded in TestBase Constructor
2021-10-19 15:10:03 INFO  terminate app
2021-10-19 15:10:06 INFO  Restarting new App
2021-10-19 15:10:06 INFO  User Opens Application in 
2021-10-19 15:10:11 INFO  user in Home screen
2021-10-19 15:10:11 INFO  Test Case :EntityDetailsPage-email invalid input with special character
2021-10-19 15:10:12 INFO  clicks Register Button
2021-10-19 15:10:17 INFO  user will landed on Legal Entity User Details
2021-10-19 15:10:17 INFO  Test Case :EntityDetailsPage-email invalid input with special character
2021-10-19 15:10:18 INFO  properties files loaded in TestBase Constructor
2021-10-19 15:10:18 INFO  properties files loaded in TestBase Constructor
2021-10-19 15:10:20 INFO  user will landed on the New User screen
2021-10-19 15:10:30 INFO  user clicks on Confirm button
2021-10-19 15:10:34 INFO  proper error message should display under User Name field
2021-10-19 15:10:35 INFO  properties files loaded in TestBase Constructor
2021-10-19 15:10:35 INFO  terminate app
2021-10-19 15:10:38 INFO  Restarting new App
2021-10-19 15:10:38 INFO  User Opens Application in 
2021-10-19 15:10:43 INFO  user in Home screen
2021-10-19 15:10:43 INFO  Test Case :EntityDetailsPage-email invalid input empty fields
2021-10-19 15:10:44 INFO  clicks Register Button
2021-10-19 15:10:49 INFO  user will landed on Legal Entity User Details
2021-10-19 15:10:49 INFO  Test Case :EntityDetailsPage-email invalid input empty fields
2021-10-19 15:10:50 INFO  properties files loaded in TestBase Constructor
2021-10-19 15:10:50 INFO  properties files loaded in TestBase Constructor
2021-10-19 15:10:52 INFO  user will landed on the New User screen
2021-10-19 15:11:01 INFO  user clicks on Confirm button
2021-10-19 15:11:06 INFO  proper error message should display under User Name field
2021-10-19 15:11:07 INFO  properties files loaded in TestBase Constructor
2021-10-19 15:11:07 INFO  terminate app
2021-10-19 15:11:10 INFO  Restarting new App
2021-10-19 15:11:10 INFO  User Opens Application in 
2021-10-19 15:11:15 INFO  user in Home screen
2021-10-19 15:11:15 INFO  Test Case :EntityDetailsPage-email invalid input numeric value
2021-10-19 15:11:16 INFO  clicks Register Button
2021-10-19 15:11:21 INFO  user will landed on Legal Entity User Details
2021-10-19 15:11:21 INFO  Test Case :EntityDetailsPage-email invalid input numeric value
2021-10-19 15:11:22 INFO  properties files loaded in TestBase Constructor
2021-10-19 15:11:22 INFO  properties files loaded in TestBase Constructor
2021-10-19 15:11:24 INFO  user will landed on the New User screen
2021-10-19 15:11:29 INFO  properties files loaded in TestBase Constructor
2021-10-19 15:11:29 INFO  terminate app
2021-10-19 15:11:32 INFO  Restarting new App
2021-10-19 15:11:32 INFO  User Opens Application in 
2021-10-19 15:11:37 INFO  user in Home screen
2021-10-19 15:11:37 INFO  Test Case :EntityDetailsPage-countrycode
2021-10-19 15:11:38 INFO  clicks Register Button
2021-10-19 15:11:44 INFO  user will landed on Legal Entity User Details
2021-10-19 15:11:44 INFO  Test Case :EntityDetailsPage-countrycode
2021-10-19 15:11:45 INFO  properties files loaded in TestBase Constructor
2021-10-19 15:11:45 INFO  properties files loaded in TestBase Constructor
2021-10-19 15:11:47 INFO  user will landed on the New User screen
2021-10-19 15:11:58 INFO  user selects Country Code
2021-10-19 15:12:03 INFO  user clicks on Confirm button
2021-10-19 15:12:03 INFO  user will land on User Contact Details
2021-10-19 15:12:03 INFO  properties files loaded in TestBase Constructor
2021-10-19 15:12:06 INFO  user will landed on Legal Entity User Details
2021-10-19 15:12:06 INFO  Test Case :EntityDetailsPage-countrycode
2021-10-19 15:12:06 INFO  properties files loaded in TestBase Constructor
2021-10-19 15:12:06 INFO  terminate app
2021-10-19 15:12:09 INFO  Restarting new App
2021-10-19 15:12:09 INFO  User Opens Application in 
2021-10-19 15:12:14 INFO  user in Home screen
2021-10-19 15:12:14 INFO  Test Case :EntityDetailsPage-countrycode,with invalid email
2021-10-19 15:12:15 INFO  clicks Register Button
2021-10-19 15:12:20 INFO  user will landed on Legal Entity User Details
2021-10-19 15:12:20 INFO  Test Case :EntityDetailsPage-countrycode,with invalid email
2021-10-19 15:12:21 INFO  properties files loaded in TestBase Constructor
2021-10-19 15:12:21 INFO  properties files loaded in TestBase Constructor
2021-10-19 15:12:23 INFO  user will landed on the New User screen
2021-10-19 15:12:32 INFO  properties files loaded in TestBase Constructor
2021-10-19 15:12:32 INFO  terminate app
2021-10-19 15:12:35 INFO  Restarting new App
2021-10-19 15:12:35 INFO  User Opens Application in 
2021-10-19 15:12:40 INFO  user in Home screen
2021-10-19 15:12:40 INFO  Test Case :EntityDetailsPage-Mobile number valid input
2021-10-19 15:12:41 INFO  clicks Register Button
2021-10-19 15:12:46 INFO  user will landed on Legal Entity User Details
2021-10-19 15:12:46 INFO  Test Case :EntityDetailsPage-Mobile number valid input
2021-10-19 15:12:47 INFO  properties files loaded in TestBase Constructor
2021-10-19 15:12:47 INFO  properties files loaded in TestBase Constructor
2021-10-19 15:12:49 INFO  user will landed on the New User screen
2021-10-19 15:13:09 INFO  user input invalid Mobile Number
2021-10-19 15:13:13 INFO  user clicks on Confirm button
2021-10-19 15:13:17 INFO  proper error message should display under mobile field
2021-10-19 15:13:18 INFO  properties files loaded in TestBase Constructor
2021-10-19 15:13:18 INFO  terminate app
2021-10-19 15:13:21 INFO  Restarting new App
2021-10-19 15:13:21 INFO  User Opens Application in 
2021-10-19 15:13:26 INFO  user in Home screen
2021-10-19 15:13:26 INFO  Test Case :EntityDetailsPage-mobile number invalid input 30 character
2021-10-19 15:13:26 INFO  clicks Register Button
2021-10-19 15:13:32 INFO  user will landed on Legal Entity User Details
2021-10-19 15:13:32 INFO  Test Case :EntityDetailsPage-mobile number invalid input 30 character
2021-10-19 15:13:32 INFO  properties files loaded in TestBase Constructor
2021-10-19 15:13:32 INFO  properties files loaded in TestBase Constructor
2021-10-19 15:13:34 INFO  user will landed on the New User screen
2021-10-19 15:13:55 INFO  user input invalid Mobile Number
2021-10-19 15:13:59 INFO  user clicks on Confirm button
2021-10-19 15:14:03 INFO  proper error message should display under mobile field
2021-10-19 15:14:04 INFO  properties files loaded in TestBase Constructor
2021-10-19 15:14:04 INFO  terminate app
2021-10-19 15:14:07 INFO  Restarting new App
2021-10-19 15:14:07 INFO  User Opens Application in 
2021-10-19 15:14:12 INFO  user in Home screen
2021-10-19 15:14:12 INFO  Test Case :EntityDetailsPage-mobile number invalid input with special character
2021-10-19 15:14:13 INFO  clicks Register Button
2021-10-19 15:14:18 INFO  user will landed on Legal Entity User Details
2021-10-19 15:14:18 INFO  Test Case :EntityDetailsPage-mobile number invalid input with special character
2021-10-19 15:14:19 INFO  properties files loaded in TestBase Constructor
2021-10-19 15:14:19 INFO  properties files loaded in TestBase Constructor
2021-10-19 15:14:21 INFO  user will landed on the New User screen
2021-10-19 15:14:41 INFO  user input invalid Mobile Number
2021-10-19 15:14:44 INFO  user clicks on Confirm button
2021-10-19 15:14:49 INFO  proper error message should display under mobile field
2021-10-19 15:14:50 INFO  properties files loaded in TestBase Constructor
2021-10-19 15:14:50 INFO  terminate app
2021-10-19 15:14:53 INFO  Restarting new App
2021-10-19 15:14:53 INFO  User Opens Application in 
2021-10-19 15:14:58 INFO  user in Home screen
2021-10-19 15:14:58 INFO  Test Case :EntityDetailsPage-mobile number invalid input empty fields
2021-10-19 15:14:58 INFO  clicks Register Button
2021-10-19 15:15:04 INFO  user will landed on Legal Entity User Details
2021-10-19 15:15:04 INFO  Test Case :EntityDetailsPage-mobile number invalid input empty fields
2021-10-19 15:15:04 INFO  properties files loaded in TestBase Constructor
2021-10-19 15:15:04 INFO  properties files loaded in TestBase Constructor
2021-10-19 15:15:07 INFO  user will landed on the New User screen
2021-10-19 15:15:27 INFO  user input invalid Mobile Number
2021-10-19 15:15:31 INFO  user clicks on Confirm button
2021-10-19 15:15:36 INFO  proper error message should display under mobile field
2021-10-19 15:15:37 INFO  properties files loaded in TestBase Constructor
2021-10-19 15:15:37 INFO  terminate app
2021-10-19 15:15:41 INFO  Restarting new App
2021-10-19 15:15:41 INFO  User Opens Application in 
2021-10-19 15:15:46 INFO  user in Home screen
2021-10-19 15:15:46 INFO  Test Case :EntityDetailsPage-promt messageValidation -Cancel
2021-10-19 15:15:47 INFO  clicks Register Button
2021-10-19 15:15:52 INFO  user will landed on Legal Entity User Details
2021-10-19 15:15:52 INFO  Test Case :EntityDetailsPage-promt messageValidation -Cancel
2021-10-19 15:15:53 INFO  properties files loaded in TestBase Constructor
2021-10-19 15:15:53 INFO  properties files loaded in TestBase Constructor
2021-10-19 15:15:55 INFO  user will landed on the New User screen
2021-10-19 15:15:56 INFO  clicks Cancel in New User
2021-10-19 15:15:58 INFO  user will prompt to ask about confirmation
2021-10-19 15:16:03 INFO  user will land on User Contact Details
2021-10-19 15:16:03 INFO  properties files loaded in TestBase Constructor
2021-10-19 15:16:05 INFO  user will landed on Legal Entity User Details
2021-10-19 15:16:05 INFO  Test Case :EntityDetailsPage-promt messageValidation -Cancel
2021-10-19 15:16:06 INFO  properties files loaded in TestBase Constructor
2021-10-19 15:16:06 INFO  terminate app
2021-10-19 15:16:09 INFO  Restarting new App
2021-10-19 15:16:09 INFO  User Opens Application in 
2021-10-19 15:16:14 INFO  user in Home screen
2021-10-19 15:16:14 INFO  Test Case :EntityDetailsPage-promt messageValidation -Ok
2021-10-19 15:16:15 INFO  clicks Register Button
2021-10-19 15:16:20 INFO  user will landed on Legal Entity User Details
2021-10-19 15:16:20 INFO  Test Case :EntityDetailsPage-promt messageValidation -Ok
2021-10-19 15:16:21 INFO  properties files loaded in TestBase Constructor
2021-10-19 15:16:21 INFO  properties files loaded in TestBase Constructor
2021-10-19 15:16:23 INFO  user will landed on the New User screen
2021-10-19 15:16:24 INFO  clicks Cancel in New User
2021-10-19 15:16:26 INFO  user will prompt to ask about confirmation
2021-10-19 15:16:30 INFO  user will land on User Contact Details
2021-10-19 15:16:30 INFO  properties files loaded in TestBase Constructor
2021-10-19 15:16:33 INFO  user will landed on Legal Entity User Details
2021-10-19 15:16:33 INFO  Test Case :EntityDetailsPage-promt messageValidation -Ok
2021-10-19 15:16:33 INFO  properties files loaded in TestBase Constructor
2021-10-19 15:16:33 INFO  terminate app
2021-10-19 15:16:36 INFO  Restarting new App
2021-10-19 15:16:36 INFO  User Opens Application in 
2021-10-19 15:16:41 INFO  user in Home screen
2021-10-19 15:16:41 INFO  Test Case :EntityDetailsPage-promt messageValidation -Cancel
2021-10-19 15:16:42 INFO  clicks Register Button
2021-10-19 15:16:47 INFO  user will landed on Legal Entity User Details
2021-10-19 15:16:47 INFO  Test Case :EntityDetailsPage-promt messageValidation -Cancel
2021-10-19 15:16:48 INFO  properties files loaded in TestBase Constructor
2021-10-19 15:16:48 INFO  properties files loaded in TestBase Constructor
2021-10-19 15:16:50 INFO  user will landed on the New User screen
2021-10-19 15:16:51 INFO  clicks Cancel in New User
2021-10-19 15:16:53 INFO  user will prompt to ask about confirmation
2021-10-19 15:17:00 INFO  user will landed on Legal Entity User Details
2021-10-19 15:17:00 INFO  Test Case :EntityDetailsPage-promt messageValidation -Cancel
2021-10-19 15:17:00 INFO  properties files loaded in TestBase Constructor
2021-10-19 15:17:00 INFO  terminate app
2021-10-19 15:17:03 INFO  Restarting new App
2021-10-19 15:17:03 INFO  User Opens Application in 
2021-10-19 15:17:08 INFO  user in Home screen
2021-10-19 15:17:08 INFO  Test Case :EntityDetailsPage-validate user detailsPresent in screen
2021-10-19 15:17:09 INFO  clicks Register Button
2021-10-19 15:17:14 INFO  user will landed on Legal Entity User Details
2021-10-19 15:17:14 INFO  Test Case :EntityDetailsPage-validate user detailsPresent in screen
2021-10-19 15:17:15 INFO  properties files loaded in TestBase Constructor
2021-10-19 15:17:15 INFO  properties files loaded in TestBase Constructor
2021-10-19 15:17:17 INFO  user will landed on the New User screen
2021-10-19 15:17:27 INFO  user selects Country Code
2021-10-19 15:17:32 INFO  user clicks on Confirm button
2021-10-19 15:17:34 INFO  user will land on User Contact Details
2021-10-19 15:17:34 INFO  properties files loaded in TestBase Constructor
2021-10-19 15:17:36 INFO  user will landed on Legal Entity User Details
2021-10-19 15:17:36 INFO  Test Case :EntityDetailsPage-validate user detailsPresent in screen
2021-10-19 15:18:02 INFO  properties files loaded in TestBase Constructor
2021-10-19 15:18:02 INFO  terminate app
2021-10-19 15:18:05 INFO  Restarting new App
2021-10-19 15:18:05 INFO  User Opens Application in 
2021-10-19 15:18:09 INFO  user in Home screen
2021-10-19 15:18:10 INFO  Test Case :Home screen , Arabic button validation
2021-10-19 15:18:10 INFO  clicks Register Button
2021-10-19 15:18:16 INFO  user will landed on Legal Entity User Details
2021-10-19 15:18:16 INFO  Test Case :Home screen , Arabic button validation
2021-10-19 15:18:16 INFO  properties files loaded in TestBase Constructor
2021-10-19 15:18:16 INFO  properties files loaded in TestBase Constructor
2021-10-19 15:18:19 INFO  user will landed on the New User screen
2021-10-19 15:18:19 INFO  properties files loaded in TestBase Constructor
2021-10-19 15:18:19 INFO  terminate app
2021-10-19 15:18:22 INFO  Restarting new App
2021-10-19 15:18:22 INFO  User Opens Application in 
2021-10-19 15:18:27 INFO  user in Home screen
2021-10-19 15:18:27 INFO  Test Case :EntityDetailsPage-validate user detailsPresent in screen
2021-10-19 15:18:28 INFO  clicks Register Button
2021-10-19 15:18:33 INFO  user will landed on Legal Entity User Details
2021-10-19 15:18:33 INFO  Test Case :EntityDetailsPage-validate user detailsPresent in screen
2021-10-19 15:18:34 INFO  properties files loaded in TestBase Constructor
2021-10-19 15:18:34 INFO  properties files loaded in TestBase Constructor
2021-10-19 15:18:46 INFO  user selects Country Code
2021-10-19 15:18:51 INFO  user clicks on Confirm button
2021-10-19 15:18:53 INFO  user will land on User Contact Details
2021-10-19 15:18:53 INFO  properties files loaded in TestBase Constructor
2021-10-19 15:18:55 INFO  user will landed on Legal Entity User Details
2021-10-19 15:18:55 INFO  Test Case :EntityDetailsPage-validate user detailsPresent in screen
2021-10-19 15:18:57 INFO  user will landed on the New User screen
2021-10-19 15:18:58 INFO  properties files loaded in TestBase Constructor
2021-10-19 15:18:58 INFO  terminate app
2021-10-19 15:19:01 INFO  Restarting new App
2021-10-19 15:19:01 INFO  User Opens Application in 
2021-10-19 15:19:06 INFO  user in Home screen
2021-10-19 15:19:06 INFO  Test Case :EntityDetailsPage-validate user detailsPresent in screen
2021-10-19 15:19:07 INFO  clicks Register Button
2021-10-19 15:19:13 INFO  user will landed on Legal Entity User Details
2021-10-19 15:19:13 INFO  Test Case :EntityDetailsPage-validate user detailsPresent in screen
2021-10-19 15:19:14 INFO  properties files loaded in TestBase Constructor
2021-10-19 15:19:14 INFO  properties files loaded in TestBase Constructor
2021-10-19 15:19:25 INFO  user selects Country Code
2021-10-19 15:19:30 INFO  user clicks on Confirm button
2021-10-19 15:19:31 INFO  user will land on User Contact Details
2021-10-19 15:19:31 INFO  properties files loaded in TestBase Constructor
2021-10-19 15:19:33 INFO  user will landed on Legal Entity User Details
2021-10-19 15:19:33 INFO  Test Case :EntityDetailsPage-validate user detailsPresent in screen
2021-10-19 15:19:36 INFO  user will prompt to ask about confirmation
2021-10-19 15:20:02 INFO  properties files loaded in TestBase Constructor
2021-10-19 15:20:02 INFO  terminate app
2021-10-19 15:20:05 INFO  Restarting new App
2021-10-19 15:20:05 INFO  User Opens Application in 
2021-10-19 15:20:10 INFO  user in Home screen
2021-10-19 15:20:10 INFO  Test Case :EntityDetailsPage-validate user detailsPresent in screen
2021-10-19 15:20:11 INFO  clicks Register Button
2021-10-19 15:20:17 INFO  user will landed on Legal Entity User Details
2021-10-19 15:20:17 INFO  Test Case :EntityDetailsPage-validate user detailsPresent in screen
2021-10-19 15:20:18 INFO  properties files loaded in TestBase Constructor
2021-10-19 15:20:18 INFO  properties files loaded in TestBase Constructor
2021-10-19 15:20:29 INFO  user selects Country Code
2021-10-19 15:20:35 INFO  user clicks on Confirm button
2021-10-19 15:20:36 INFO  user will land on User Contact Details
2021-10-19 15:20:36 INFO  properties files loaded in TestBase Constructor
2021-10-19 15:20:38 INFO  user will landed on Legal Entity User Details
2021-10-19 15:20:38 INFO  Test Case :EntityDetailsPage-validate user detailsPresent in screen
2021-10-19 15:20:42 INFO  user will prompt to ask about confirmation
2021-10-19 15:21:14 INFO  properties files loaded in TestBase Constructor
2021-10-19 15:21:14 INFO  terminate app
2021-10-19 15:21:17 INFO  Restarting new App
2021-10-19 15:21:17 INFO  User Opens Application in 
2021-10-19 15:21:22 INFO  user in Home screen
2021-10-19 15:21:22 INFO  Test Case :Home screen , Arabic button validation
2021-10-19 15:21:23 INFO  clicks Register Button
2021-10-19 15:21:29 INFO  user will landed on Legal Entity User Details
2021-10-19 15:21:29 INFO  Test Case :Home screen , Arabic button validation
2021-10-19 15:21:30 INFO  properties files loaded in TestBase Constructor
2021-10-19 15:21:30 INFO  properties files loaded in TestBase Constructor
2021-10-19 15:21:33 INFO  user will prompt to ask about confirmation
2021-10-19 15:21:42 INFO  user in Home screen
2021-10-19 15:21:42 INFO  Test Case :Home screen , Arabic button validation
2021-10-19 15:21:42 INFO  user will land on Dashboard screen 
2021-10-19 15:21:43 INFO  properties files loaded in TestBase Constructor
2021-10-19 15:21:43 INFO  terminate app
2021-10-19 15:21:46 INFO  Restarting new App
2021-10-19 15:21:46 INFO  User Opens Application in 
2021-10-19 15:21:51 INFO  user in Home screen
2021-10-19 15:21:51 INFO  Test Case :Home screen , Arabic button validation
2021-10-19 15:21:52 INFO  clicks Register Button
2021-10-19 15:21:58 INFO  user will landed on Legal Entity User Details
2021-10-19 15:21:58 INFO  Test Case :Home screen , Arabic button validation
2021-10-19 15:21:59 INFO  properties files loaded in TestBase Constructor
2021-10-19 15:21:59 INFO  properties files loaded in TestBase Constructor
2021-10-19 15:22:01 INFO  user will prompt to ask about confirmation
2021-10-19 15:22:06 INFO  user will stay on User Contact Details screen 
2021-10-19 15:22:08 INFO  user will landed on Legal Entity User Details
2021-10-19 15:22:08 INFO  Test Case :Home screen , Arabic button validation
2021-10-19 15:22:09 INFO  properties files loaded in TestBase Constructor
2021-10-19 15:22:09 INFO  terminate app
2021-10-19 15:22:13 INFO  Restarting new App
2021-10-19 15:22:13 INFO  User Opens Application in 
2021-10-19 15:22:17 INFO  user in Home screen
2021-10-19 15:22:18 INFO  Test Case :EntityDetailsPage-validate user detailsPresent in screen
2021-10-19 15:22:18 INFO  clicks Register Button
2021-10-19 15:22:24 INFO  user will landed on Legal Entity User Details
2021-10-19 15:22:24 INFO  Test Case :EntityDetailsPage-validate user detailsPresent in screen
2021-10-19 15:22:25 INFO  properties files loaded in TestBase Constructor
2021-10-19 15:22:25 INFO  properties files loaded in TestBase Constructor
2021-10-19 15:22:27 INFO  user will landed on the New User screen
2021-10-19 15:22:37 INFO  user selects Country Code
2021-10-19 15:22:42 INFO  user clicks on Confirm button
2021-10-19 15:22:45 INFO  user will land on User Contact Details
2021-10-19 15:22:45 INFO  properties files loaded in TestBase Constructor
2021-10-19 15:22:47 INFO  user will landed on Legal Entity User Details
2021-10-19 15:22:47 INFO  Test Case :EntityDetailsPage-validate user detailsPresent in screen
2021-10-19 15:23:12 INFO  properties files loaded in TestBase Constructor
2021-10-19 15:23:12 INFO  terminate app
2021-10-19 15:23:15 INFO  Restarting new App
2021-10-19 15:23:15 INFO  User Opens Application in 
2021-10-19 15:23:20 INFO  user in Home screen
2021-10-19 15:23:20 INFO  Test Case :EntityDetailsPage-validate user detailsPresent in screen
2021-10-19 15:23:21 INFO  clicks Register Button
2021-10-19 15:23:26 INFO  user will landed on Legal Entity User Details
2021-10-19 15:23:26 INFO  Test Case :EntityDetailsPage-validate user detailsPresent in screen
2021-10-19 15:23:27 INFO  properties files loaded in TestBase Constructor
2021-10-19 15:23:27 INFO  properties files loaded in TestBase Constructor
2021-10-19 15:23:38 INFO  user selects Country Code
2021-10-19 15:23:43 INFO  user clicks on Confirm button
2021-10-19 15:23:44 INFO  user will land on User Contact Details
2021-10-19 15:23:44 INFO  properties files loaded in TestBase Constructor
2021-10-19 15:23:46 INFO  user will landed on Legal Entity User Details
2021-10-19 15:23:46 INFO  Test Case :EntityDetailsPage-validate user detailsPresent in screen
2021-10-19 15:23:48 INFO  user will landed on the New User screen
2021-10-19 15:23:57 INFO  user selects Country Code
2021-10-19 15:24:03 INFO  user clicks on Confirm button
2021-10-19 15:24:44 INFO  Element is still visibleBy.xpath: //*[@text='Success ! You have successfully added the user to the list...']
2021-10-19 15:24:46 INFO  user will land on User Contact Details
2021-10-19 15:24:46 INFO  properties files loaded in TestBase Constructor
2021-10-19 15:24:48 INFO  user will landed on Legal Entity User Details
2021-10-19 15:24:48 INFO  Test Case :EntityDetailsPage-validate user detailsPresent in screen
